<?xml version="1.0" encoding="UTF-8"?>
<!-- Generated by org.testng.reporters.JUnitReportReporter -->
<testsuite hostname="Tavtejs-MacBook-Air.local" failures="0" tests="3" name="calculatorTests.BasicOperations" time="20.734" errors="0" timestamp="2023-03-04T14:40:54 EST" skipped="0">
  <testcase classname="calculatorTests.BasicOperations" name="additionTest" time="5.811"/>
  <system-out/>
  <testcase classname="calculatorTests.BasicOperations" name="divisionTest" time="9.225"/>
  <system-out/>
  <testcase classname="calculatorTests.BasicOperations" name="subtractionTest" time="5.698"/>
  <system-out/>
</testsuite> <!-- calculatorTests.BasicOperations -->
