<?xml version="1.0" encoding="UTF-8"?>
<!-- Generated by org.testng.reporters.JUnitReportReporter -->
<testsuite hostname="Tavtejs-MacBook-Air.local" failures="0" tests="4" name="calculatorTests.BasicOperations" time="26.610" errors="0" timestamp="2023-03-04T15:27:29 EST" skipped="0">
  <testcase classname="calculatorTests.BasicOperations" name="additionTest" time="7.909"/>
  <system-out/>
  <testcase classname="calculatorTests.BasicOperations" name="multiplicationTest" time="5.747"/>
  <system-out/>
  <testcase classname="calculatorTests.BasicOperations" name="subtractionTest" time="7.219"/>
  <system-out/>
  <testcase classname="calculatorTests.BasicOperations" name="divisionTest" time="5.735"/>
  <system-out/>
</testsuite> <!-- calculatorTests.BasicOperations -->
