<?xml version="1.0" encoding="UTF-8"?>
<!-- Generated by org.testng.reporters.JUnitReportReporter -->
<testsuite hostname="Tavtejs-MacBook-Air.local" failures="0" tests="4" name="calculatorTests.BasicOperations" time="28.725" errors="0" timestamp="2023-03-04T15:03:30 EST" skipped="0">
  <testcase classname="calculatorTests.BasicOperations" name="additionTest" time="10.115"/>
  <system-out/>
  <testcase classname="calculatorTests.BasicOperations" name="divisionTest" time="5.943"/>
  <system-out/>
  <testcase classname="calculatorTests.BasicOperations" name="multiplicationTest" time="6.311"/>
  <system-out/>
  <testcase classname="calculatorTests.BasicOperations" name="subtractionTest" time="6.356"/>
  <system-out/>
</testsuite> <!-- calculatorTests.BasicOperations -->
