<?xml version="1.0" encoding="UTF-8"?>
<!-- Generated by org.testng.reporters.JUnitReportReporter -->
<testsuite hostname="Tavtejs-MacBook-Air.local" failures="0" tests="5" name="calculatorTests.BasicOperations" time="37.518" errors="0" timestamp="2023-03-04T16:08:14 EST" skipped="0">
  <testcase classname="calculatorTests.BasicOperations" name="multiplicationTest" time="11.073"/>
  <system-out/>
  <testcase classname="calculatorTests.BasicOperations" name="additionTest" time="6.779"/>
  <system-out/>
  <testcase classname="calculatorTests.BasicOperations" name="divisionTest" time="6.910"/>
  <system-out/>
  <testcase classname="calculatorTests.BasicOperations" name="subtractionTest" time="6.330"/>
  <system-out/>
  <testcase classname="calculatorTests.BasicOperations" name="bodmasTest" time="6.426"/>
  <system-out/>
</testsuite> <!-- calculatorTests.BasicOperations -->
